<?xml version="1.0" encoding="UTF-8"?>
<!-- Generated by org.testng.reporters.JUnitReportReporter -->
<testsuite hostname="DESKTOP-Q7KOQDL" failures="0" tests="1" name="com.power.testcases.Verify_Youtube_Dashboard_Filters" time="146.774" errors="0" timestamp="2022-06-22T10:58:30 IST" skipped="0">
  <testcase classname="com.power.testcases.Verify_Youtube_Dashboard_Filters" name="Verify_Youtube_Filters" time="146.774"/>
  <system-out>
    <![CDATA[<B><font color = 'orange'> Step1 -</font> Logged into PowerAdSpy Application
<B><font color = 'orange'> Step2 -</font> I am on the page :PowerAdSpy | Facebook Dashboard
<B><font color = 'orange'> Step3 -</font> Power Ad Spy Logo is Displayed
<B><font color = 'orange'> Step4 -</font> Clicked On YouTube Icon
<B><font color = 'orange'> Step5 -</font> I am on the page :PowerAdSpy | Youtube Dashboard
<B><font color = 'orange'> Step6 -</font> Total Ad Results for the Domain 'News' is :9
<B><font color = 'orange'> Step7 -</font> Total Ad Results for the Advertiser 'Vice' is :4
<B><font color = 'orange'> Step8 -</font> Total Ad Results for the Keyword 'Virat kohli' is :3
<B><font color = 'orange'> Step9 -</font> Total Ad Results for the Keyword 'covid' is :8
<B><font color = 'orange'> Step10 -</font> Total Ad Results for the Keyword'Blog' is :9
<B><font color = 'orange'> Step11 -</font> Total Ad Results for the Keyword 'Shoes' is :11
<B><font color = 'orange'> Step12 -</font> Total Ad Results for the Keyword 'Developer' is :4]]>
  </system-out>
</testsuite> <!-- com.power.testcases.Verify_Youtube_Dashboard_Filters -->
