<?xml version="1.0" encoding="UTF-8"?>
<!-- Generated by org.testng.reporters.JUnitReportReporter -->
<testsuite hostname="DESKTOP-Q7KOQDL" failures="0" tests="1" name="com.power.testcases.Verify_Facebook_Dashboard_Filters" time="117.973" errors="0" timestamp="2022-06-22T10:58:30 IST" skipped="0">
  <testcase classname="com.power.testcases.Verify_Facebook_Dashboard_Filters" name="Verify_Fb_Filters" time="117.973"/>
  <system-out>
    <![CDATA[<B><font color = 'orange'> Step1 -</font> Logged into PowerAdSpy Application
<B><font color = 'orange'> Step2 -</font> I am on the page :PowerAdSpy | Facebook Dashboard
<B><font color = 'orange'> Step3 -</font> Power Ad Spy Logo is Displayed
<B><font color = 'orange'> Step4 -</font> Total Ad Results for  Domain 'Flipkart & Oppo' is :9
<B><font color = 'orange'> Step5 -</font> Total Ad Results for the Advertiser 'Amazon & Alexa' is :1
<B><font color = 'orange'> Step6 -</font> Total Ad Results for the  Keyword 'Virat kohli' is :1
<B><font color = 'orange'> Step7 -</font> Total Ad Results for the  Keyword'covid' is :9
<B><font color = 'orange'> Step8 -</font> Total Ad Results for the  Keyword 'Blog' is :9
<B><font color = 'orange'> Step9 -</font> Total Ad Results for the  Keyword 'Shoes' is :9
<B><font color = 'orange'> Step10 -</font> Total Ad Results for the Keyword 'Developer' is :9]]>
  </system-out>
</testsuite> <!-- com.power.testcases.Verify_Facebook_Dashboard_Filters -->
