<?xml version="1.0" encoding="UTF-8"?>
<!-- Generated by org.testng.reporters.JUnitReportReporter -->
<testsuite hostname="DESKTOP-Q7KOQDL" failures="0" tests="1" name="com.power.testcases.Verify_Quora_Dashboard_Filters" time="141.465" errors="0" timestamp="2022-06-22T10:58:30 IST" skipped="0">
  <testcase classname="com.power.testcases.Verify_Quora_Dashboard_Filters" name="Verify_Quora_Filters" time="141.465"/>
  <system-out>
    <![CDATA[<B><font color = 'orange'> Step1 -</font> Logged into PowerAdSpy Application
<B><font color = 'orange'> Step2 -</font> I am on the page :PowerAdSpy | Facebook Dashboard
<B><font color = 'orange'> Step3 -</font> Power Ad Spy Logo is Displayed
<B><font color = 'orange'> Step4 -</font> Clicked On Quora Icon
<B><font color = 'orange'> Step5 -</font> I am on the page :PowerAdSpy | Quora Dashboard
<B><font color = 'orange'> Step6 -</font> Total Ad Results for the Search term 'Amazon' is :0
<B><font color = 'orange'> Step7 -</font> Total Ad Results for the Search term 'StackMoxie' is :0
<B><font color = 'orange'> Step8 -</font> Total Ad Results for the Search term 'Virat kohli' is :0
<B><font color = 'orange'> Step9 -</font> Total Ad Results for the Search term 'covid' is :2
<B><font color = 'orange'> Step10 -</font> Total Ad Results for the Search term 'Blog' is :5
<B><font color = 'orange'> Step11 -</font> Total Ad Results for the Search term 'Shoes' is :1
<B><font color = 'orange'> Step12 -</font> Total Ad Results for the Search term 'Developer' is :9]]>
  </system-out>
</testsuite> <!-- com.power.testcases.Verify_Quora_Dashboard_Filters -->
